Case #1: 1 0
Case #2: 1 0
Case #3: 1 1
Case #4: 0 0
Case #5: 500 499
Case #6: 250 249
Case #7: 0 0
Case #8: 0 0
Case #9: 249 249
Case #10: 0 0
Case #11: 0 0
Case #12: 249 249
Case #13: 0 0
Case #14: 0 0
Case #15: 0 0
Case #16: 125 124
Case #17: 250 249
Case #18: 0 0
Case #19: 249 249
Case #20: 125 124
Case #21: 0 0
Case #22: 0 0
Case #23: 0 0
Case #24: 249 249
Case #25: 0 0
Case #26: 249 249
Case #27: 2 2
Case #28: 250 249
Case #29: 0 0
Case #30: 125 124
Case #31: 0 0
Case #32: 0 0
Case #33: 0 0
Case #34: 250 249
Case #35: 0 0
Case #36: 249 249
Case #37: 0 0
Case #38: 125 124
Case #39: 250 249
Case #40: 125 124
Case #41: 249 249
Case #42: 125 124
Case #43: 125 124
Case #44: 249 249
Case #45: 1 1
Case #46: 250 249
Case #47: 0 0
Case #48: 0 0
Case #49: 0 0
Case #50: 0 0
Case #51: 0 0
Case #52: 125 124
Case #53: 0 0
Case #54: 0 0
Case #55: 125 124
Case #56: 250 249
Case #57: 0 0
Case #58: 0 0
Case #59: 0 0
Case #60: 0 0
Case #61: 0 0
Case #62: 249 249
Case #63: 0 0
Case #64: 0 0
Case #65: 249 249
Case #66: 0 0
Case #67: 0 0
Case #68: 125 124
Case #69: 125 124
Case #70: 0 0
Case #71: 1 0
Case #72: 250 249
Case #73: 250 249
Case #74: 0 0
Case #75: 0 0
Case #76: 0 0
Case #77: 249 249
Case #78: 250 249
Case #79: 0 0
Case #80: 0 0
Case #81: 250 249
Case #82: 250 249
Case #83: 125 124
Case #84: 0 0
Case #85: 0 0
Case #86: 249 249
Case #87: 0 0
Case #88: 250 249
Case #89: 2 1
Case #90: 0 0
Case #91: 250 249
Case #92: 249 249
Case #93: 0 0
Case #94: 0 0
Case #95: 0 0
Case #96: 125 124
Case #97: 499 499
Case #98: 249 249
Case #99: 125 124
Case #100: 125 124
